101.05.17 17:12 B C:\WINDOWS\Desktop\websites\www.napavalleydrifters.com\00bottom.html <-- www.napavalleydrifters.com /storage0/home/terryb 00bottom.html
101.05.17 17:12 B C:\WINDOWS\Desktop\websites\www.napavalleydrifters.com\00left.html <-- www.napavalleydrifters.com /storage0/home/terryb 00left.html
101.05.17 17:12 B C:\WINDOWS\Desktop\websites\www.napavalleydrifters.com\00right.html <-- www.napavalleydrifters.com /storage0/home/terryb 00right.html
101.05.17 17:12 B C:\WINDOWS\Desktop\websites\www.napavalleydrifters.com\00top.html <-- www.napavalleydrifters.com /storage0/home/terryb 00top.html
101.05.17 17:12 B C:\WINDOWS\Desktop\websites\www.napavalleydrifters.com\01contact.html <-- www.napavalleydrifters.com /storage0/home/terryb 01contact.html
101.05.17 17:12 B C:\WINDOWS\Desktop\websites\www.napavalleydrifters.com\01main.html <-- www.napavalleydrifters.com /storage0/home/terryb 01main.html
101.05.17 17:12 B C:\WINDOWS\Desktop\websites\www.napavalleydrifters.com\01sights.html <-- www.napavalleydrifters.com /storage0/home/terryb 01sights.html
101.05.17 17:12 B C:\WINDOWS\Desktop\websites\www.napavalleydrifters.com\01trips.html <-- www.napavalleydrifters.com /storage0/home/terryb 01trips.html
101.05.17 17:12 B C:\WINDOWS\Desktop\websites\www.napavalleydrifters.com\01virtual.html <-- www.napavalleydrifters.com /storage0/home/terryb 01virtual.html
101.05.17 17:13 B C:\WINDOWS\Desktop\websites\www.napavalleydrifters.com\index.html <-- www.napavalleydrifters.com /storage0/home/terryb index.html
101.05.17 17:13 B C:\WINDOWS\Desktop\websites\www.napavalleydrifters.com\main.html <-- www.napavalleydrifters.com /storage0/home/terryb main.html
101.05.17 17:13 B C:\WINDOWS\Desktop\websites\www.napavalleydrifters.com\yahoo.gif <-- www.napavalleydrifters.com /storage0/home/terryb yahoo.gif
101.05.17 17:28 B C:\WINDOWS\Desktop\websites\www.napavalleydrifters.com\01main.html --> ftp.interx.net /storage0/home/terryb/www 01main.html
101.06.29 12:04 B C:\WINDOWS\Desktop\websites\www.napavalleydrifters.com\00bottom.html <-- www.napavalleydrifters.com /storage0/home/terryb 00bottom.html
101.06.29 12:04 B C:\WINDOWS\Desktop\websites\www.napavalleydrifters.com\00left.html <-- www.napavalleydrifters.com /storage0/home/terryb 00left.html
101.06.29 12:04 B C:\WINDOWS\Desktop\websites\www.napavalleydrifters.com\00right.html <-- www.napavalleydrifters.com /storage0/home/terryb 00right.html
101.06.29 12:04 B C:\WINDOWS\Desktop\websites\www.napavalleydrifters.com\00top.html <-- www.napavalleydrifters.com /storage0/home/terryb 00top.html
101.06.29 12:04 B C:\WINDOWS\Desktop\websites\www.napavalleydrifters.com\01contact.html <-- www.napavalleydrifters.com /storage0/home/terryb 01contact.html
101.06.29 12:04 B C:\WINDOWS\Desktop\websites\www.napavalleydrifters.com\01main.html <-- www.napavalleydrifters.com /storage0/home/terryb 01main.html
101.06.29 12:04 B C:\WINDOWS\Desktop\websites\www.napavalleydrifters.com\01sights.html <-- www.napavalleydrifters.com /storage0/home/terryb 01sights.html
101.06.29 12:04 B C:\WINDOWS\Desktop\websites\www.napavalleydrifters.com\01trips.html <-- www.napavalleydrifters.com /storage0/home/terryb 01trips.html
101.06.29 12:04 B C:\WINDOWS\Desktop\websites\www.napavalleydrifters.com\01virtual.html <-- www.napavalleydrifters.com /storage0/home/terryb 01virtual.html
101.06.29 12:04 B C:\WINDOWS\Desktop\websites\www.napavalleydrifters.com\index.html <-- www.napavalleydrifters.com /storage0/home/terryb index.html
101.06.29 12:04 B C:\WINDOWS\Desktop\websites\www.napavalleydrifters.com\main.html <-- www.napavalleydrifters.com /storage0/home/terryb main.html
101.06.29 12:04 B C:\WINDOWS\Desktop\websites\www.napavalleydrifters.com\yahoo.gif <-- www.napavalleydrifters.com /storage0/home/terryb yahoo.gif
101.06.29 12:25 B C:\WINDOWS\Desktop\websites\www.napavalleydrifters.com\00bottom.html --> ftp.interx.net /storage0/home/terryb 00bottom.html
101.06.29 12:25 B C:\WINDOWS\Desktop\websites\www.napavalleydrifters.com\00left.html --> ftp.interx.net /storage0/home/terryb 00left.html
101.06.29 12:25 B C:\WINDOWS\Desktop\websites\www.napavalleydrifters.com\00right.html --> ftp.interx.net /storage0/home/terryb 00right.html
101.06.29 12:25 B C:\WINDOWS\Desktop\websites\www.napavalleydrifters.com\00top.html --> ftp.interx.net /storage0/home/terryb 00top.html
101.06.29 12:25 B C:\WINDOWS\Desktop\websites\www.napavalleydrifters.com\01contact.html --> ftp.interx.net /storage0/home/terryb 01contact.html
101.06.29 12:25 B C:\WINDOWS\Desktop\websites\www.napavalleydrifters.com\01main.html --> ftp.interx.net /storage0/home/terryb 01main.html
101.06.29 12:25 B C:\WINDOWS\Desktop\websites\www.napavalleydrifters.com\01sights.html --> ftp.interx.net /storage0/home/terryb 01sights.html
101.06.29 12:25 B C:\WINDOWS\Desktop\websites\www.napavalleydrifters.com\01trips.html --> ftp.interx.net /storage0/home/terryb 01trips.html
101.06.29 12:25 B C:\WINDOWS\Desktop\websites\www.napavalleydrifters.com\01virtual.html --> ftp.interx.net /storage0/home/terryb 01virtual.html
101.06.29 12:25 B C:\WINDOWS\Desktop\websites\www.napavalleydrifters.com\index.html --> ftp.interx.net /storage0/home/terryb index.html
101.06.29 12:25 B C:\WINDOWS\Desktop\websites\www.napavalleydrifters.com\main.html --> ftp.interx.net /storage0/home/terryb main.html
